Using pre-set license
Built from '2023.2/staging' branch; Version is '2023.2.14f1 (eeca29774eb5) revision 15649321'; Using compiler version '193431935'; Build Type 'Release'
OS: 'Windows 10  (10.0.19045) 64bit Core' Language: 'es' Physical Memory: 7823 MB
BatchMode: 1, IsHumanControllingUs: 0, StartBugReporterOnCrash: 0, Is64bit: 1, IsPro: 1

COMMAND LINE ARGUMENTS:
C:\Program Files\Unity\Hub\Editor\2023.2.14f1\Editor\Unity.exe
-adb2
-batchMode
-noUpm
-name
AssetImportWorker0
-projectPath
C:/Users/jciur/OneDrive/Escriptori/My project (1)
-logFile
Logs/AssetImportWorker0.log
-srvPort
50336
-job-worker-count
3
-background-job-worker-count
8
-asset-garbage-collectors
1
Successfully changed project path to: C:/Users/jciur/OneDrive/Escriptori/My project (1)
C:/Users/jciur/OneDrive/Escriptori/My project (1)
[UnityMemory] Configuration Parameters - Can be set up in boot.config
    "memorysetup-bucket-allocator-granularity=16"
    "memorysetup-bucket-allocator-bucket-count=8"
    "memorysetup-bucket-allocator-block-size=33554432"
    "memorysetup-bucket-allocator-block-count=8"
    "memorysetup-main-allocator-block-size=16777216"
    "memorysetup-thread-allocator-block-size=16777216"
    "memorysetup-gfx-main-allocator-block-size=16777216"
    "memorysetup-gfx-thread-allocator-block-size=16777216"
    "memorysetup-cache-allocator-block-size=4194304"
    "memorysetup-typetree-allocator-block-size=2097152"
    "memorysetup-profiler-bucket-allocator-granularity=16"
    "memorysetup-profiler-bucket-allocator-bucket-count=8"
    "memorysetup-profiler-bucket-allocator-block-size=33554432"
    "memorysetup-profiler-bucket-allocator-block-count=8"
    "memorysetup-profiler-allocator-block-size=16777216"
    "memorysetup-profiler-editor-allocator-block-size=1048576"
    "memorysetup-temp-allocator-size-main=16777216"
    "memorysetup-job-temp-allocator-block-size=2097152"
    "memorysetup-job-temp-allocator-block-size-background=1048576"
    "memorysetup-job-temp-allocator-reduction-small-platforms=262144"
    "memorysetup-allocator-temp-initial-block-size-main=262144"
    "memorysetup-allocator-temp-initial-block-size-worker=262144"
    "memorysetup-temp-allocator-size-background-worker=32768"
    "memorysetup-temp-allocator-size-job-worker=262144"
    "memorysetup-temp-allocator-size-preload-manager=33554432"
    "memorysetup-temp-allocator-size-nav-mesh-worker=65536"
    "memorysetup-temp-allocator-size-audio-worker=65536"
    "memorysetup-temp-allocator-size-cloud-worker=32768"
    "memorysetup-temp-allocator-size-gi-baking-worker=262144"
    "memorysetup-temp-allocator-size-gi-baking-worker=262144"
    "memorysetup-temp-allocator-size-gi-baking-worker=262144"
    "memorysetup-temp-allocator-size-gi-baking-worker=262144"
    "memorysetup-temp-allocator-size-gfx=262144"
Player connection [20584] Host "[IP] 192.168.68.103 [Port] 0 [Flags] 2 [Guid] 787390107 [EditorId] 787390107 [Version] 1048832 [Id] WindowsEditor(7,DESKTOP-HQ34N44) [Debug] 1 [PackageName] WindowsEditor [ProjectName] Editor" joined multi-casting on [225.0.0.222:54997]...
Player connection [20584] Host "[IP] 192.168.68.103 [Port] 0 [Flags] 2 [Guid] 787390107 [EditorId] 787390107 [Version] 1048832 [Id] WindowsEditor(7,DESKTOP-HQ34N44) [Debug] 1 [PackageName] WindowsEditor [ProjectName] Editor" joined alternative multi-casting on [225.0.0.222:34997]...
JobSystem: Creating JobQueue using job-worker-count value 3
[Physics::Module] Initialized MultithreadedJobDispatcher with 3 workers.
Library Redirect Path: Library/
Refreshing native plugins compatible for Editor in 8.88 ms, found 3 plugins.
Preloading 0 native plugins for Editor in 0.00 ms.
Initialize engine version: 2023.2.14f1 (eeca29774eb5)
[Subsystems] Discovering subsystems at path C:/Program Files/Unity/Hub/Editor/2023.2.14f1/Editor/Data/Resources/UnitySubsystems
[Subsystems] Discovering subsystems at path C:/Users/jciur/OneDrive/Escriptori/My project (1)/Assets
GfxDevice: creating device client; kGfxThreadingModeNonThreaded
Direct3D:
    Version:  Direct3D 11.0 [level 11.1]
    Renderer: Intel(R) Iris(R) Xe Graphics (ID=0x9a49)
    Vendor:   Intel
    VRAM:     3911 MB
    Driver:   31.0.101.4575
Initialize mono
Mono path[0] = 'C:/Program Files/Unity/Hub/Editor/2023.2.14f1/Editor/Data/Managed'
Mono path[1] = 'C:/Program Files/Unity/Hub/Editor/2023.2.14f1/Editor/Data/MonoBleedingEdge/lib/mono/unityjit-win32'
Mono config path = 'C:/Program Files/Unity/Hub/Editor/2023.2.14f1/Editor/Data/MonoBleedingEdge/etc'
Using monoOptions --debugger-agent=transport=dt_socket,embedding=1,server=y,suspend=n,address=127.0.0.1:56372
Begin MonoManager ReloadAssembly
C:\build\output\Unity-Technologies\mono\mono\metadata\icall.c:1842:
C:\build\output\Unity-Technologies\mono\mono\metadata\icall.c:1842:
C:\build\output\Unity-Technologies\mono\mono\metadata\icall.c:1842:
C:\build\output\Unity-Technologies\mono\mono\metadata\icall.c:1842:
C:\build\output\Unity-Technologies\mono\mono\metadata\icall.c:1842:
C:\build\output\Unity-Technologies\mono\mono\metadata\icall.c:1842:
C:\build\output\Unity-Technologies\mono\mono\metadata\icall.c:1842:
C:\build\output\Unity-Technologies\mono\mono\metadata\icall.c:1842:
C:\build\output\Unity-Technologies\mono\mono\metadata\icall.c:1842:
C:\build\output\Unity-Technologies\mono\mono\metadata\icall.c:1842:
Registering precompiled unity dll's ...
Register platform support module: C:/Program Files/Unity/Hub/Editor/2023.2.14f1/Editor/Data/PlaybackEngines/WindowsStandaloneSupport/UnityEditor.WindowsStandalone.Extensions.dll
Registered in 0.007723 seconds.
- Loaded All Assemblies, in  1.049 seconds
Native extension for WindowsStandalone target not found
Mono: successfully reloaded assembly
C:\build\output\Unity-Technologies\mono\mono\metadata\icall.c:1842:
C:\build\output\Unity-Technologies\mono\mono\metadata\icall.c:1842:
- Finished resetting the current domain, in  0.917 seconds
Domain Reload Profiling: 1962ms
	BeginReloadAssembly (471ms)
		ExecutionOrderSort (0ms)
		DisableScriptedObjects (0ms)
		BackupInstance (0ms)
		ReleaseScriptingObjects (0ms)
		CreateAndSetChildDomain (2ms)
	RebuildCommonClasses (91ms)
	RebuildNativeTypeToScriptingClass (25ms)
	initialDomainReloadingComplete (105ms)
	LoadAllAssembliesAndSetupDomain (351ms)
		LoadAssemblies (464ms)
		RebuildTransferFunctionScriptingTraits (0ms)
		AnalyzeDomain (346ms)
			TypeCache.Refresh (342ms)
				TypeCache.ScanAssembly (313ms)
			BuildScriptInfoCaches (0ms)
			ResolveRequiredComponents (2ms)
	FinalizeReload (919ms)
		ReleaseScriptCaches (0ms)
		RebuildScriptCaches (0ms)
		SetupLoadedEditorAssemblies (791ms)
			LogAssemblyErrors (0ms)
			InitializePlatformSupportModulesInManaged (16ms)
			SetLoadedEditorAssemblies (12ms)
			BeforeProcessingInitializeOnLoad (16ms)
			ProcessInitializeOnLoadAttributes (646ms)
			ProcessInitializeOnLoadMethodAttributes (101ms)
			AfterProcessingInitializeOnLoad (0ms)
			EditorAssembliesLoaded (0ms)
		ExecutionOrderSort2 (0ms)
		AwakeInstancesAfterBackupRestoration (0ms)
========================================================================
Worker process is ready to serve import requests
Import Worker Mode flag is 0x00
Begin MonoManager ReloadAssembly
C:\build\output\Unity-Technologies\mono\mono\metadata\icall.c:1842:
C:\build\output\Unity-Technologies\mono\mono\metadata\icall.c:1842:
C:\build\output\Unity-Technologies\mono\mono\metadata\icall.c:1842:
C:\build\output\Unity-Technologies\mono\mono\metadata\icall.c:1842:
C:\build\output\Unity-Technologies\mono\mono\metadata\icall.c:1842:
C:\build\output\Unity-Technologies\mono\mono\metadata\icall.c:1842:
C:\build\output\Unity-Technologies\mono\mono\metadata\icall.c:1842:
C:\build\output\Unity-Technologies\mono\mono\metadata\icall.c:1842:
C:\build\output\Unity-Technologies\mono\mono\metadata\icall.c:1842:
C:\build\output\Unity-Technologies\mono\mono\metadata\icall.c:1842:
C:\build\output\Unity-Technologies\mono\mono\metadata\icall.c:1842:
C:\build\output\Unity-Technologies\mono\mono\metadata\icall.c:1842:
Symbol file LoadedFromMemory doesn't match image C:\Users\jciur\OneDrive\Escriptori\My project (1)\Library\PackageCache\com.unity.visualscripting@1.8.0\Editor\VisualScripting.Core\Dependencies\YamlDotNet\Unity.VisualScripting.YamlDotNet.dll
Symbol file LoadedFromMemory doesn't match image C:\Users\jciur\OneDrive\Escriptori\My project (1)\Library\PackageCache\com.unity.visualscripting@1.8.0\Editor\VisualScripting.Core\Dependencies\DotNetZip\Unity.VisualScripting.IonicZip.dll
- Loaded All Assemblies, in  2.175 seconds
Refreshing native plugins compatible for Editor in 12.02 ms, found 3 plugins.
Native extension for WindowsStandalone target not found
Mono: successfully reloaded assembly
- Finished resetting the current domain, in  1.466 seconds
Domain Reload Profiling: 3633ms
	BeginReloadAssembly (741ms)
		ExecutionOrderSort (0ms)
		DisableScriptedObjects (13ms)
		BackupInstance (0ms)
		ReleaseScriptingObjects (0ms)
		CreateAndSetChildDomain (77ms)
	RebuildCommonClasses (73ms)
	RebuildNativeTypeToScriptingClass (23ms)
	initialDomainReloadingComplete (98ms)
	LoadAllAssembliesAndSetupDomain (1231ms)
		LoadAssemblies (906ms)
		RebuildTransferFunctionScriptingTraits (0ms)
		AnalyzeDomain (561ms)
			TypeCache.Refresh (479ms)
				TypeCache.ScanAssembly (339ms)
			BuildScriptInfoCaches (65ms)
			ResolveRequiredComponents (10ms)
	FinalizeReload (1468ms)
		ReleaseScriptCaches (0ms)
		RebuildScriptCaches (0ms)
		SetupLoadedEditorAssemblies (894ms)
			LogAssemblyErrors (0ms)
			InitializePlatformSupportModulesInManaged (6ms)
			SetLoadedEditorAssemblies (8ms)
			BeforeProcessingInitializeOnLoad (99ms)
			ProcessInitializeOnLoadAttributes (708ms)
			ProcessInitializeOnLoadMethodAttributes (61ms)
			AfterProcessingInitializeOnLoad (10ms)
			EditorAssembliesLoaded (1ms)
		ExecutionOrderSort2 (0ms)
		AwakeInstancesAfterBackupRestoration (17ms)
Launched and connected shader compiler UnityShaderCompiler.exe after 0.02 seconds
Refreshing native plugins compatible for Editor in 3.82 ms, found 3 plugins.
Preloading 0 native plugins for Editor in 0.00 ms.
Unloading 9 Unused Serialized files (Serialized files now loaded: 0)
Unloading 3142 unused Assets / (392.5 KB). Loaded Objects now: 3700.
Memory consumption went from 113.7 MB to 113.3 MB.
Total: 29.320100 ms (FindLiveObjects: 15.015000 ms CreateObjectMapping: 2.195100 ms MarkObjects: 10.984300 ms  DeleteObjects: 0.990500 ms)

========================================================================
Received Import Request.
  Time since last request: 9186.332154 seconds.
  path: Assets/Prefab
  artifactKey: Guid(88b30aab614970f4db2c37e6391d2a5e) Importer(815301076,1909f56bfc062723c751e8b465ee728b)
Start importing Assets/Prefab using Guid(88b30aab614970f4db2c37e6391d2a5e) Importer(815301076,1909f56bfc062723c751e8b465ee728b) (PreviewImporter) -> (artifact id: '16ad56bd14b7465ba103433108f42c69') in 0.007747 seconds
Number of updated asset objects reloaded before import = 0Number of asset objects unloaded after import = 0

========================================================================
Received Import Request.
  Time since last request: 25.044363 seconds.
  path: Assets/Prefab/head.prefab
  artifactKey: Guid(9299b0a4d5ef587408dd0e9e7b0d4ee4) Importer(815301076,1909f56bfc062723c751e8b465ee728b)
Start importing Assets/Prefab/head.prefab using Guid(9299b0a4d5ef587408dd0e9e7b0d4ee4) Importer(815301076,1909f56bfc062723c751e8b465ee728b) (PreviewImporter) -> (artifact id: '0a34b290991707539618e4547b971226') in 0.1828439 seconds
Number of updated asset objects reloaded before import = 0Number of asset objects unloaded after import = 37

========================================================================
Received Import Request.
  Time since last request: 9.408800 seconds.
  path: Assets/Prefab/horse.prefab
  artifactKey: Guid(9299b0a4d5ef587408dd0e9e7b0d4ee4) Importer(815301076,1909f56bfc062723c751e8b465ee728b)
Start importing Assets/Prefab/horse.prefab using Guid(9299b0a4d5ef587408dd0e9e7b0d4ee4) Importer(815301076,1909f56bfc062723c751e8b465ee728b) (PreviewImporter) -> (artifact id: '16db636609e0708adf785e025ebfdcc0') in 0.0114021 seconds
Number of updated asset objects reloaded before import = 0Number of asset objects unloaded after import = 37

========================================================================
Received Import Request.
  Time since last request: 55.411850 seconds.
  path: Assets/Prefab/brownHorse.prefab
  artifactKey: Guid(bf9c85d2ed940ec49b136d3450fbdcfa) Importer(815301076,1909f56bfc062723c751e8b465ee728b)
Start importing Assets/Prefab/brownHorse.prefab using Guid(bf9c85d2ed940ec49b136d3450fbdcfa) Importer(815301076,1909f56bfc062723c751e8b465ee728b) (PreviewImporter) -> (artifact id: 'a5c10b2c3ad78f59a406be989f3f7c11') in 0.0152293 seconds
Number of updated asset objects reloaded before import = 0Number of asset objects unloaded after import = 75

========================================================================
Received Import Request.
  Time since last request: 125.749104 seconds.
  path: Assets/brown.mat
  artifactKey: Guid(352bef9ede4d38f4d972c3e762fec1d5) Importer(815301076,1909f56bfc062723c751e8b465ee728b)
Start importing Assets/brown.mat using Guid(352bef9ede4d38f4d972c3e762fec1d5) Importer(815301076,1909f56bfc062723c751e8b465ee728b) (PreviewImporter) -> (artifact id: '91113eb5e0bb0db34d5f74325bea9ff1') in 0.2501757 seconds
Number of updated asset objects reloaded before import = 0Number of asset objects unloaded after import = 1

========================================================================
Received Import Request.
  Time since last request: 42.063960 seconds.
  path: Assets/Materials
  artifactKey: Guid(b1a80839dd7e6474d8f673db06baa702) Importer(815301076,1909f56bfc062723c751e8b465ee728b)
Start importing Assets/Materials using Guid(b1a80839dd7e6474d8f673db06baa702) Importer(815301076,1909f56bfc062723c751e8b465ee728b) (PreviewImporter) -> (artifact id: 'df81f9448d11682637fd20a8c4bee9af') in 0.0010274 seconds
Number of updated asset objects reloaded before import = 0Number of asset objects unloaded after import = 0

========================================================================
Received Import Request.
  Time since last request: 2.376142 seconds.
  path: Assets/Materials/brown.mat
  artifactKey: Guid(352bef9ede4d38f4d972c3e762fec1d5) Importer(815301076,1909f56bfc062723c751e8b465ee728b)
Start importing Assets/Materials/brown.mat using Guid(352bef9ede4d38f4d972c3e762fec1d5) Importer(815301076,1909f56bfc062723c751e8b465ee728b) (PreviewImporter) -> (artifact id: '122e042cf3e44d68fd6ea19139b7af09') in 0.0192842 seconds
Number of updated asset objects reloaded before import = 0Number of asset objects unloaded after import = 1

========================================================================
Received Import Request.
  Time since last request: 47.354238 seconds.
  path: Assets/Prefab/brownHorse.prefab
  artifactKey: Guid(bf9c85d2ed940ec49b136d3450fbdcfa) Importer(815301076,1909f56bfc062723c751e8b465ee728b)
Start importing Assets/Prefab/brownHorse.prefab using Guid(bf9c85d2ed940ec49b136d3450fbdcfa) Importer(815301076,1909f56bfc062723c751e8b465ee728b) (PreviewImporter) -> (artifact id: '9720edc090f4a30c795af300bbd88b18') in 0.0160424 seconds
Number of updated asset objects reloaded before import = 0Number of asset objects unloaded after import = 76

========================================================================
Received Import Request.
  Time since last request: 10.292633 seconds.
  path: Assets/Prefab/brownHorse.prefab
  artifactKey: Guid(bf9c85d2ed940ec49b136d3450fbdcfa) Importer(815301076,1909f56bfc062723c751e8b465ee728b)
Start importing Assets/Prefab/brownHorse.prefab using Guid(bf9c85d2ed940ec49b136d3450fbdcfa) Importer(815301076,1909f56bfc062723c751e8b465ee728b) (PreviewImporter) -> (artifact id: '2b7cb060bf1292345c267be1edb38592') in 0.019323 seconds
Number of updated asset objects reloaded before import = 0Number of asset objects unloaded after import = 76

========================================================================
Received Import Request.
  Time since last request: 1513.284024 seconds.
  path: Assets/Materials/grey.mat
  artifactKey: Guid(02382b9082efdc74f8a7d580e9c718b9) Importer(815301076,1909f56bfc062723c751e8b465ee728b)
Start importing Assets/Materials/grey.mat using Guid(02382b9082efdc74f8a7d580e9c718b9) Importer(815301076,1909f56bfc062723c751e8b465ee728b) (PreviewImporter) -> (artifact id: 'b8d84555f755c82be7c427475d70eeb9') in 0.0911594 seconds
Number of updated asset objects reloaded before import = 0Number of asset objects unloaded after import = 1

========================================================================
Received Import Request.
  Time since last request: 46.894638 seconds.
  path: Assets/Prefab/grayHorse.prefab
  artifactKey: Guid(46ce2a6d0003e9241bf6f3ad0dbdda7e) Importer(815301076,1909f56bfc062723c751e8b465ee728b)
Start importing Assets/Prefab/grayHorse.prefab using Guid(46ce2a6d0003e9241bf6f3ad0dbdda7e) Importer(815301076,1909f56bfc062723c751e8b465ee728b) (PreviewImporter) -> (artifact id: 'd99c65caa269835cc3e2459e40a4aa30') in 0.0414895 seconds
Number of updated asset objects reloaded before import = 0Number of asset objects unloaded after import = 75

========================================================================
Received Import Request.
  Time since last request: 36.380312 seconds.
  path: Assets/Prefab/grayHorse.prefab
  artifactKey: Guid(46ce2a6d0003e9241bf6f3ad0dbdda7e) Importer(815301076,1909f56bfc062723c751e8b465ee728b)
Start importing Assets/Prefab/grayHorse.prefab using Guid(46ce2a6d0003e9241bf6f3ad0dbdda7e) Importer(815301076,1909f56bfc062723c751e8b465ee728b) (PreviewImporter) -> (artifact id: '40bc056ff65ec1cf39579cd012ad0e7b') in 0.0240837 seconds
Number of updated asset objects reloaded before import = 0Number of asset objects unloaded after import = 76

========================================================================
Received Import Request.
  Time since last request: 144.453520 seconds.
  path: Assets/Prefab/brownHorse.prefab
  artifactKey: Guid(bf9c85d2ed940ec49b136d3450fbdcfa) Importer(815301076,1909f56bfc062723c751e8b465ee728b)
Start importing Assets/Prefab/brownHorse.prefab using Guid(bf9c85d2ed940ec49b136d3450fbdcfa) Importer(815301076,1909f56bfc062723c751e8b465ee728b) (PreviewImporter) -> (artifact id: 'c8f8a4f023a34df053a7d8e9509297ce') in 0.0516245 seconds
Number of updated asset objects reloaded before import = 0Number of asset objects unloaded after import = 86

========================================================================
Received Import Request.
  Time since last request: 0.000061 seconds.
  path: Assets/Prefab/horse.prefab
  artifactKey: Guid(9299b0a4d5ef587408dd0e9e7b0d4ee4) Importer(815301076,1909f56bfc062723c751e8b465ee728b)
Start importing Assets/Prefab/horse.prefab using Guid(9299b0a4d5ef587408dd0e9e7b0d4ee4) Importer(815301076,1909f56bfc062723c751e8b465ee728b) (PreviewImporter) -> (artifact id: 'ef17c3eb111ffd9196bcb566e21c9467') in 0.0207214 seconds
Number of updated asset objects reloaded before import = 0Number of asset objects unloaded after import = 42

========================================================================
Received Import Request.
  Time since last request: 2.105473 seconds.
  path: Assets/Prefab/brownHorse.prefab
  artifactKey: Guid(bf9c85d2ed940ec49b136d3450fbdcfa) Importer(815301076,1909f56bfc062723c751e8b465ee728b)
Start importing Assets/Prefab/brownHorse.prefab using Guid(bf9c85d2ed940ec49b136d3450fbdcfa) Importer(815301076,1909f56bfc062723c751e8b465ee728b) (PreviewImporter) -> (artifact id: '9023345a740e28364f494296ac5b8bae') in 0.0283311 seconds
Number of updated asset objects reloaded before import = 0Number of asset objects unloaded after import = 86

========================================================================
Received Import Request.
  Time since last request: 3.394117 seconds.
  path: Assets/Prefab/brownHorse.prefab
  artifactKey: Guid(bf9c85d2ed940ec49b136d3450fbdcfa) Importer(815301076,1909f56bfc062723c751e8b465ee728b)
Start importing Assets/Prefab/brownHorse.prefab using Guid(bf9c85d2ed940ec49b136d3450fbdcfa) Importer(815301076,1909f56bfc062723c751e8b465ee728b) (PreviewImporter) -> (artifact id: '757d133ea903a90c5de6b9a32ea74479') in 0.0250187 seconds
Number of updated asset objects reloaded before import = 0Number of asset objects unloaded after import = 86

========================================================================
Received Import Request.
  Time since last request: 2.189789 seconds.
  path: Assets/Prefab/brownHorse.prefab
  artifactKey: Guid(bf9c85d2ed940ec49b136d3450fbdcfa) Importer(815301076,1909f56bfc062723c751e8b465ee728b)
Start importing Assets/Prefab/brownHorse.prefab using Guid(bf9c85d2ed940ec49b136d3450fbdcfa) Importer(815301076,1909f56bfc062723c751e8b465ee728b) (PreviewImporter) -> (artifact id: '04f5bd8fe49256e8f463f8df3f2ba274') in 0.0229806 seconds
Number of updated asset objects reloaded before import = 0Number of asset objects unloaded after import = 86

========================================================================
Received Import Request.
  Time since last request: 3.014164 seconds.
  path: Assets/Prefab/brownHorse.prefab
  artifactKey: Guid(bf9c85d2ed940ec49b136d3450fbdcfa) Importer(815301076,1909f56bfc062723c751e8b465ee728b)
Start importing Assets/Prefab/brownHorse.prefab using Guid(bf9c85d2ed940ec49b136d3450fbdcfa) Importer(815301076,1909f56bfc062723c751e8b465ee728b) (PreviewImporter) -> (artifact id: 'd0109ab8d73fbecca1dbfa0f92e5ebc1') in 0.0236655 seconds
Number of updated asset objects reloaded before import = 0Number of asset objects unloaded after import = 86

========================================================================
Received Import Request.
  Time since last request: 1.374054 seconds.
  path: Assets/Prefab/brownHorse.prefab
  artifactKey: Guid(bf9c85d2ed940ec49b136d3450fbdcfa) Importer(815301076,1909f56bfc062723c751e8b465ee728b)
Start importing Assets/Prefab/brownHorse.prefab using Guid(bf9c85d2ed940ec49b136d3450fbdcfa) Importer(815301076,1909f56bfc062723c751e8b465ee728b) (PreviewImporter) -> (artifact id: 'f6d3c3c362fac2b2f886819b3ba79520') in 0.0237623 seconds
Number of updated asset objects reloaded before import = 0Number of asset objects unloaded after import = 86

========================================================================
Received Import Request.
  Time since last request: 2.197747 seconds.
  path: Assets/Prefab/brownHorse.prefab
  artifactKey: Guid(bf9c85d2ed940ec49b136d3450fbdcfa) Importer(815301076,1909f56bfc062723c751e8b465ee728b)
Start importing Assets/Prefab/brownHorse.prefab using Guid(bf9c85d2ed940ec49b136d3450fbdcfa) Importer(815301076,1909f56bfc062723c751e8b465ee728b) (PreviewImporter) -> (artifact id: '4213e0cd1a6b1da99b02d653e51a06c3') in 0.0268038 seconds
Number of updated asset objects reloaded before import = 0Number of asset objects unloaded after import = 86

========================================================================
Received Import Request.
  Time since last request: 3.003782 seconds.
  path: Assets/Prefab/brownHorse.prefab
  artifactKey: Guid(bf9c85d2ed940ec49b136d3450fbdcfa) Importer(815301076,1909f56bfc062723c751e8b465ee728b)
Start importing Assets/Prefab/brownHorse.prefab using Guid(bf9c85d2ed940ec49b136d3450fbdcfa) Importer(815301076,1909f56bfc062723c751e8b465ee728b) (PreviewImporter) -> (artifact id: '627798b9b0d745343c9519900a32830a') in 0.0255289 seconds
Number of updated asset objects reloaded before import = 0Number of asset objects unloaded after import = 86

========================================================================
Received Import Request.
  Time since last request: 1.986465 seconds.
  path: Assets/Prefab/brownHorse.prefab
  artifactKey: Guid(bf9c85d2ed940ec49b136d3450fbdcfa) Importer(815301076,1909f56bfc062723c751e8b465ee728b)
Start importing Assets/Prefab/brownHorse.prefab using Guid(bf9c85d2ed940ec49b136d3450fbdcfa) Importer(815301076,1909f56bfc062723c751e8b465ee728b) (PreviewImporter) -> (artifact id: 'e98cb185a4fd9c8c4b430fa61ee4aea9') in 0.0254876 seconds
Number of updated asset objects reloaded before import = 0Number of asset objects unloaded after import = 86

========================================================================
Received Import Request.
  Time since last request: 1.781290 seconds.
  path: Assets/Prefab/brownHorse.prefab
  artifactKey: Guid(bf9c85d2ed940ec49b136d3450fbdcfa) Importer(815301076,1909f56bfc062723c751e8b465ee728b)
Start importing Assets/Prefab/brownHorse.prefab using Guid(bf9c85d2ed940ec49b136d3450fbdcfa) Importer(815301076,1909f56bfc062723c751e8b465ee728b) (PreviewImporter) -> (artifact id: '9ce3f7aeaba7e11cb93b7abb9ddd6f1d') in 0.0195445 seconds
Number of updated asset objects reloaded before import = 0Number of asset objects unloaded after import = 86

========================================================================
Received Import Request.
  Time since last request: 2.209178 seconds.
  path: Assets/Prefab/brownHorse.prefab
  artifactKey: Guid(bf9c85d2ed940ec49b136d3450fbdcfa) Importer(815301076,1909f56bfc062723c751e8b465ee728b)
Start importing Assets/Prefab/brownHorse.prefab using Guid(bf9c85d2ed940ec49b136d3450fbdcfa) Importer(815301076,1909f56bfc062723c751e8b465ee728b) (PreviewImporter) -> (artifact id: '4ed0f4795f3b994f76dfec09fad1385c') in 0.0229465 seconds
Number of updated asset objects reloaded before import = 0Number of asset objects unloaded after import = 86

========================================================================
Received Import Request.
  Time since last request: 2.992473 seconds.
  path: Assets/Prefab/brownHorse.prefab
  artifactKey: Guid(bf9c85d2ed940ec49b136d3450fbdcfa) Importer(815301076,1909f56bfc062723c751e8b465ee728b)
Start importing Assets/Prefab/brownHorse.prefab using Guid(bf9c85d2ed940ec49b136d3450fbdcfa) Importer(815301076,1909f56bfc062723c751e8b465ee728b) (PreviewImporter) -> (artifact id: '8b636faa883f60f444ca7e3f3e637a10') in 0.0185267 seconds
Number of updated asset objects reloaded before import = 0Number of asset objects unloaded after import = 86

========================================================================
Received Import Request.
  Time since last request: 0.000076 seconds.
  path: Assets/Prefab/horse.prefab
  artifactKey: Guid(9299b0a4d5ef587408dd0e9e7b0d4ee4) Importer(815301076,1909f56bfc062723c751e8b465ee728b)
Start importing Assets/Prefab/horse.prefab using Guid(9299b0a4d5ef587408dd0e9e7b0d4ee4) Importer(815301076,1909f56bfc062723c751e8b465ee728b) (PreviewImporter) -> (artifact id: '4012451f68f576b818f2b906385a7ecc') in 0.0145306 seconds
Number of updated asset objects reloaded before import = 0Number of asset objects unloaded after import = 42

========================================================================
Received Import Request.
  Time since last request: 3.992555 seconds.
  path: Assets/Prefab/brownHorse.prefab
  artifactKey: Guid(bf9c85d2ed940ec49b136d3450fbdcfa) Importer(815301076,1909f56bfc062723c751e8b465ee728b)
Start importing Assets/Prefab/brownHorse.prefab using Guid(bf9c85d2ed940ec49b136d3450fbdcfa) Importer(815301076,1909f56bfc062723c751e8b465ee728b) (PreviewImporter) -> (artifact id: 'd9312d3eb20263e7312ce9e5d7cdc008') in 0.0265452 seconds
Number of updated asset objects reloaded before import = 0Number of asset objects unloaded after import = 86

========================================================================
Received Import Request.
  Time since last request: 4.463951 seconds.
  path: Assets/Prefab/brownHorse.prefab
  artifactKey: Guid(bf9c85d2ed940ec49b136d3450fbdcfa) Importer(815301076,1909f56bfc062723c751e8b465ee728b)
Start importing Assets/Prefab/brownHorse.prefab using Guid(bf9c85d2ed940ec49b136d3450fbdcfa) Importer(815301076,1909f56bfc062723c751e8b465ee728b) (PreviewImporter) -> (artifact id: 'c327049ba61f18bd33a20b30e994717e') in 0.0243007 seconds
Number of updated asset objects reloaded before import = 0Number of asset objects unloaded after import = 86

========================================================================
Received Import Request.
  Time since last request: 86.454299 seconds.
  path: Assets/Prefab/brownHorse.prefab
  artifactKey: Guid(bf9c85d2ed940ec49b136d3450fbdcfa) Importer(815301076,1909f56bfc062723c751e8b465ee728b)
Start importing Assets/Prefab/brownHorse.prefab using Guid(bf9c85d2ed940ec49b136d3450fbdcfa) Importer(815301076,1909f56bfc062723c751e8b465ee728b) (PreviewImporter) -> (artifact id: 'a70d6001a68dddcbae3aa2be540cce92') in 0.0297368 seconds
Number of updated asset objects reloaded before import = 0Number of asset objects unloaded after import = 96

========================================================================
Received Import Request.
  Time since last request: 3.812944 seconds.
  path: Assets/Prefab/brownHorse.prefab
  artifactKey: Guid(bf9c85d2ed940ec49b136d3450fbdcfa) Importer(815301076,1909f56bfc062723c751e8b465ee728b)
Start importing Assets/Prefab/brownHorse.prefab using Guid(bf9c85d2ed940ec49b136d3450fbdcfa) Importer(815301076,1909f56bfc062723c751e8b465ee728b) (PreviewImporter) -> (artifact id: '9d8bf5cb68a690441a927013397114e6') in 0.0208453 seconds
Number of updated asset objects reloaded before import = 0Number of asset objects unloaded after import = 96

========================================================================
Received Import Request.
  Time since last request: 0.000033 seconds.
  path: Assets/Prefab/horse.prefab
  artifactKey: Guid(9299b0a4d5ef587408dd0e9e7b0d4ee4) Importer(815301076,1909f56bfc062723c751e8b465ee728b)
Start importing Assets/Prefab/horse.prefab using Guid(9299b0a4d5ef587408dd0e9e7b0d4ee4) Importer(815301076,1909f56bfc062723c751e8b465ee728b) (PreviewImporter) -> (artifact id: 'ca302810eaf72f980b5d5c8d27600ebc') in 0.0150351 seconds
Number of updated asset objects reloaded before import = 0Number of asset objects unloaded after import = 47

========================================================================
Received Import Request.
  Time since last request: 25.998115 seconds.
  path: Assets/Materials/black.mat
  artifactKey: Guid(f9b267f4a295c09469459603139039f8) Importer(815301076,1909f56bfc062723c751e8b465ee728b)
Start importing Assets/Materials/black.mat using Guid(f9b267f4a295c09469459603139039f8) Importer(815301076,1909f56bfc062723c751e8b465ee728b) (PreviewImporter) -> (artifact id: 'c9721028d4ab717c85ec53869b45ad51') in 0.0167237 seconds
Number of updated asset objects reloaded before import = 0Number of asset objects unloaded after import = 1

========================================================================
Received Import Request.
  Time since last request: 80.264165 seconds.
  path: Assets/Materials/black.mat
  artifactKey: Guid(f9b267f4a295c09469459603139039f8) Importer(815301076,1909f56bfc062723c751e8b465ee728b)
Start importing Assets/Materials/black.mat using Guid(f9b267f4a295c09469459603139039f8) Importer(815301076,1909f56bfc062723c751e8b465ee728b) (PreviewImporter) -> (artifact id: 'cf572d6bb54140e3f33f7a29572b755c') in 0.0187955 seconds
Number of updated asset objects reloaded before import = 0Number of asset objects unloaded after import = 1

========================================================================
Received Import Request.
  Time since last request: 7.265367 seconds.
  path: Assets/Prefab/brownHorse.prefab
  artifactKey: Guid(bf9c85d2ed940ec49b136d3450fbdcfa) Importer(815301076,1909f56bfc062723c751e8b465ee728b)
Start importing Assets/Prefab/brownHorse.prefab using Guid(bf9c85d2ed940ec49b136d3450fbdcfa) Importer(815301076,1909f56bfc062723c751e8b465ee728b) (PreviewImporter) -> (artifact id: '160641581fc04c44dc0c16941339fd17') in 0.0293311 seconds
Number of updated asset objects reloaded before import = 0Number of asset objects unloaded after import = 97

========================================================================
Received Import Request.
  Time since last request: 0.000091 seconds.
  path: Assets/Prefab/horse.prefab
  artifactKey: Guid(9299b0a4d5ef587408dd0e9e7b0d4ee4) Importer(815301076,1909f56bfc062723c751e8b465ee728b)
Start importing Assets/Prefab/horse.prefab using Guid(9299b0a4d5ef587408dd0e9e7b0d4ee4) Importer(815301076,1909f56bfc062723c751e8b465ee728b) (PreviewImporter) -> (artifact id: 'd2b23b762cd9ff9cd5adcba1cc14b19b') in 0.0308271 seconds
Number of updated asset objects reloaded before import = 0Number of asset objects unloaded after import = 48

========================================================================
Received Import Request.
  Time since last request: 137.587149 seconds.
  path: Assets/Prefab/Cube.prefab
  artifactKey: Guid(1d436ca167264cf428b081572f536d06) Importer(815301076,1909f56bfc062723c751e8b465ee728b)
Start importing Assets/Prefab/Cube.prefab using Guid(1d436ca167264cf428b081572f536d06) Importer(815301076,1909f56bfc062723c751e8b465ee728b) (PreviewImporter) -> (artifact id: '08c1d07ca9259a3d24b6d05c870da33a') in 0.0201153 seconds
Number of updated asset objects reloaded before import = 0Number of asset objects unloaded after import = 17

========================================================================
Received Import Request.
  Time since last request: 32.838173 seconds.
  path: Assets/Prefab/mount.prefab
  artifactKey: Guid(1d436ca167264cf428b081572f536d06) Importer(815301076,1909f56bfc062723c751e8b465ee728b)
Start importing Assets/Prefab/mount.prefab using Guid(1d436ca167264cf428b081572f536d06) Importer(815301076,1909f56bfc062723c751e8b465ee728b) (PreviewImporter) -> (artifact id: '397f4f586f9dc2abc0ca6e5d239afa83') in 0.0173033 seconds
Number of updated asset objects reloaded before import = 0Number of asset objects unloaded after import = 17

========================================================================
Received Import Request.
  Time since last request: 28.510771 seconds.
  path: Assets/Materials/orange.mat
  artifactKey: Guid(c4f802f48d8c68342840a2656e550f3c) Importer(815301076,1909f56bfc062723c751e8b465ee728b)
Start importing Assets/Materials/orange.mat using Guid(c4f802f48d8c68342840a2656e550f3c) Importer(815301076,1909f56bfc062723c751e8b465ee728b) (PreviewImporter) -> (artifact id: 'c458d39378550aa0fec6f01e7b5fbdd8') in 0.0179066 seconds
Number of updated asset objects reloaded before import = 0Number of asset objects unloaded after import = 1

========================================================================
Received Import Request.
  Time since last request: 28.134882 seconds.
  path: Assets/Prefab/mount.prefab
  artifactKey: Guid(1d436ca167264cf428b081572f536d06) Importer(815301076,1909f56bfc062723c751e8b465ee728b)
Start importing Assets/Prefab/mount.prefab using Guid(1d436ca167264cf428b081572f536d06) Importer(815301076,1909f56bfc062723c751e8b465ee728b) (PreviewImporter) -> (artifact id: 'dc9fea804831e8408f07cfd83f1e67f7') in 0.0148436 seconds
Number of updated asset objects reloaded before import = 0Number of asset objects unloaded after import = 18

========================================================================
Received Import Request.
  Time since last request: 84.075664 seconds.
  path: Assets/Materials/blue.mat
  artifactKey: Guid(24420c018cc8c534b80eaeef6d7f3dd4) Importer(815301076,1909f56bfc062723c751e8b465ee728b)
Start importing Assets/Materials/blue.mat using Guid(24420c018cc8c534b80eaeef6d7f3dd4) Importer(815301076,1909f56bfc062723c751e8b465ee728b) (PreviewImporter) -> (artifact id: '83b060a055670eceb6b47a3a44608231') in 0.0142676 seconds
Number of updated asset objects reloaded before import = 0Number of asset objects unloaded after import = 1

========================================================================
Received Import Request.
  Time since last request: 66.101394 seconds.
  path: Assets/Materials/blue.mat
  artifactKey: Guid(24420c018cc8c534b80eaeef6d7f3dd4) Importer(815301076,1909f56bfc062723c751e8b465ee728b)
Start importing Assets/Materials/blue.mat using Guid(24420c018cc8c534b80eaeef6d7f3dd4) Importer(815301076,1909f56bfc062723c751e8b465ee728b) (PreviewImporter) -> (artifact id: 'a8144ac6103b29bb1445700a92720190') in 0.0238115 seconds
Number of updated asset objects reloaded before import = 0Number of asset objects unloaded after import = 1

