Using pre-set license
Built from '2023.2/staging' branch; Version is '2023.2.14f1 (eeca29774eb5) revision 15649321'; Using compiler version '193431935'; Build Type 'Release'
OS: 'Windows 10  (10.0.19045) 64bit Core' Language: 'es' Physical Memory: 7823 MB
BatchMode: 1, IsHumanControllingUs: 0, StartBugReporterOnCrash: 0, Is64bit: 1, IsPro: 1

COMMAND LINE ARGUMENTS:
C:\Program Files\Unity\Hub\Editor\2023.2.14f1\Editor\Unity.exe
-adb2
-batchMode
-noUpm
-name
AssetImportWorker1
-projectPath
C:/Users/jciur/OneDrive/Escriptori/My project (1)
-logFile
Logs/AssetImportWorker1.log
-srvPort
50336
-job-worker-count
3
-background-job-worker-count
8
-asset-garbage-collectors
1
Successfully changed project path to: C:/Users/jciur/OneDrive/Escriptori/My project (1)
C:/Users/jciur/OneDrive/Escriptori/My project (1)
[UnityMemory] Configuration Parameters - Can be set up in boot.config
    "memorysetup-bucket-allocator-granularity=16"
    "memorysetup-bucket-allocator-bucket-count=8"
    "memorysetup-bucket-allocator-block-size=33554432"
    "memorysetup-bucket-allocator-block-count=8"
    "memorysetup-main-allocator-block-size=16777216"
    "memorysetup-thread-allocator-block-size=16777216"
    "memorysetup-gfx-main-allocator-block-size=16777216"
    "memorysetup-gfx-thread-allocator-block-size=16777216"
    "memorysetup-cache-allocator-block-size=4194304"
    "memorysetup-typetree-allocator-block-size=2097152"
    "memorysetup-profiler-bucket-allocator-granularity=16"
    "memorysetup-profiler-bucket-allocator-bucket-count=8"
    "memorysetup-profiler-bucket-allocator-block-size=33554432"
    "memorysetup-profiler-bucket-allocator-block-count=8"
    "memorysetup-profiler-allocator-block-size=16777216"
    "memorysetup-profiler-editor-allocator-block-size=1048576"
    "memorysetup-temp-allocator-size-main=16777216"
    "memorysetup-job-temp-allocator-block-size=2097152"
    "memorysetup-job-temp-allocator-block-size-background=1048576"
    "memorysetup-job-temp-allocator-reduction-small-platforms=262144"
    "memorysetup-allocator-temp-initial-block-size-main=262144"
    "memorysetup-allocator-temp-initial-block-size-worker=262144"
    "memorysetup-temp-allocator-size-background-worker=32768"
    "memorysetup-temp-allocator-size-job-worker=262144"
    "memorysetup-temp-allocator-size-preload-manager=33554432"
    "memorysetup-temp-allocator-size-nav-mesh-worker=65536"
    "memorysetup-temp-allocator-size-audio-worker=65536"
    "memorysetup-temp-allocator-size-cloud-worker=32768"
    "memorysetup-temp-allocator-size-gi-baking-worker=262144"
    "memorysetup-temp-allocator-size-gi-baking-worker=262144"
    "memorysetup-temp-allocator-size-gi-baking-worker=262144"
    "memorysetup-temp-allocator-size-gi-baking-worker=262144"
    "memorysetup-temp-allocator-size-gfx=262144"
Player connection [21144] Host "[IP] 192.168.68.103 [Port] 0 [Flags] 2 [Guid] 309787860 [EditorId] 309787860 [Version] 1048832 [Id] WindowsEditor(7,DESKTOP-HQ34N44) [Debug] 1 [PackageName] WindowsEditor [ProjectName] Editor" joined multi-casting on [225.0.0.222:54997]...
Player connection [21144] Host "[IP] 192.168.68.103 [Port] 0 [Flags] 2 [Guid] 309787860 [EditorId] 309787860 [Version] 1048832 [Id] WindowsEditor(7,DESKTOP-HQ34N44) [Debug] 1 [PackageName] WindowsEditor [ProjectName] Editor" joined alternative multi-casting on [225.0.0.222:34997]...
JobSystem: Creating JobQueue using job-worker-count value 3
[Physics::Module] Initialized MultithreadedJobDispatcher with 3 workers.
Library Redirect Path: Library/
Refreshing native plugins compatible for Editor in 8.87 ms, found 3 plugins.
Preloading 0 native plugins for Editor in 0.00 ms.
Initialize engine version: 2023.2.14f1 (eeca29774eb5)
[Subsystems] Discovering subsystems at path C:/Program Files/Unity/Hub/Editor/2023.2.14f1/Editor/Data/Resources/UnitySubsystems
[Subsystems] Discovering subsystems at path C:/Users/jciur/OneDrive/Escriptori/My project (1)/Assets
GfxDevice: creating device client; kGfxThreadingModeNonThreaded
Direct3D:
    Version:  Direct3D 11.0 [level 11.1]
    Renderer: Intel(R) Iris(R) Xe Graphics (ID=0x9a49)
    Vendor:   Intel
    VRAM:     3911 MB
    Driver:   31.0.101.4575
Initialize mono
Mono path[0] = 'C:/Program Files/Unity/Hub/Editor/2023.2.14f1/Editor/Data/Managed'
Mono path[1] = 'C:/Program Files/Unity/Hub/Editor/2023.2.14f1/Editor/Data/MonoBleedingEdge/lib/mono/unityjit-win32'
Mono config path = 'C:/Program Files/Unity/Hub/Editor/2023.2.14f1/Editor/Data/MonoBleedingEdge/etc'
Using monoOptions --debugger-agent=transport=dt_socket,embedding=1,server=y,suspend=n,address=127.0.0.1:56280
Begin MonoManager ReloadAssembly
C:\build\output\Unity-Technologies\mono\mono\metadata\icall.c:1842:
C:\build\output\Unity-Technologies\mono\mono\metadata\icall.c:1842:
C:\build\output\Unity-Technologies\mono\mono\metadata\icall.c:1842:
C:\build\output\Unity-Technologies\mono\mono\metadata\icall.c:1842:
C:\build\output\Unity-Technologies\mono\mono\metadata\icall.c:1842:
C:\build\output\Unity-Technologies\mono\mono\metadata\icall.c:1842:
C:\build\output\Unity-Technologies\mono\mono\metadata\icall.c:1842:
C:\build\output\Unity-Technologies\mono\mono\metadata\icall.c:1842:
C:\build\output\Unity-Technologies\mono\mono\metadata\icall.c:1842:
C:\build\output\Unity-Technologies\mono\mono\metadata\icall.c:1842:
Registering precompiled unity dll's ...
Register platform support module: C:/Program Files/Unity/Hub/Editor/2023.2.14f1/Editor/Data/PlaybackEngines/WindowsStandaloneSupport/UnityEditor.WindowsStandalone.Extensions.dll
Registered in 0.008214 seconds.
- Loaded All Assemblies, in  1.045 seconds
Native extension for WindowsStandalone target not found
Mono: successfully reloaded assembly
C:\build\output\Unity-Technologies\mono\mono\metadata\icall.c:1842:
C:\build\output\Unity-Technologies\mono\mono\metadata\icall.c:1842:
- Finished resetting the current domain, in  0.923 seconds
Domain Reload Profiling: 1964ms
	BeginReloadAssembly (473ms)
		ExecutionOrderSort (0ms)
		DisableScriptedObjects (0ms)
		BackupInstance (0ms)
		ReleaseScriptingObjects (0ms)
		CreateAndSetChildDomain (1ms)
	RebuildCommonClasses (92ms)
	RebuildNativeTypeToScriptingClass (25ms)
	initialDomainReloadingComplete (105ms)
	LoadAllAssembliesAndSetupDomain (345ms)
		LoadAssemblies (465ms)
		RebuildTransferFunctionScriptingTraits (0ms)
		AnalyzeDomain (341ms)
			TypeCache.Refresh (336ms)
				TypeCache.ScanAssembly (303ms)
			BuildScriptInfoCaches (0ms)
			ResolveRequiredComponents (2ms)
	FinalizeReload (924ms)
		ReleaseScriptCaches (0ms)
		RebuildScriptCaches (0ms)
		SetupLoadedEditorAssemblies (793ms)
			LogAssemblyErrors (0ms)
			InitializePlatformSupportModulesInManaged (16ms)
			SetLoadedEditorAssemblies (12ms)
			BeforeProcessingInitializeOnLoad (17ms)
			ProcessInitializeOnLoadAttributes (652ms)
			ProcessInitializeOnLoadMethodAttributes (95ms)
			AfterProcessingInitializeOnLoad (0ms)
			EditorAssembliesLoaded (1ms)
		ExecutionOrderSort2 (0ms)
		AwakeInstancesAfterBackupRestoration (0ms)
========================================================================
Worker process is ready to serve import requests
Import Worker Mode flag is 0x00
Begin MonoManager ReloadAssembly
C:\build\output\Unity-Technologies\mono\mono\metadata\icall.c:1842:
C:\build\output\Unity-Technologies\mono\mono\metadata\icall.c:1842:
C:\build\output\Unity-Technologies\mono\mono\metadata\icall.c:1842:
C:\build\output\Unity-Technologies\mono\mono\metadata\icall.c:1842:
C:\build\output\Unity-Technologies\mono\mono\metadata\icall.c:1842:
C:\build\output\Unity-Technologies\mono\mono\metadata\icall.c:1842:
C:\build\output\Unity-Technologies\mono\mono\metadata\icall.c:1842:
C:\build\output\Unity-Technologies\mono\mono\metadata\icall.c:1842:
C:\build\output\Unity-Technologies\mono\mono\metadata\icall.c:1842:
C:\build\output\Unity-Technologies\mono\mono\metadata\icall.c:1842:
C:\build\output\Unity-Technologies\mono\mono\metadata\icall.c:1842:
C:\build\output\Unity-Technologies\mono\mono\metadata\icall.c:1842:
Symbol file LoadedFromMemory doesn't match image C:\Users\jciur\OneDrive\Escriptori\My project (1)\Library\PackageCache\com.unity.visualscripting@1.8.0\Editor\VisualScripting.Core\Dependencies\YamlDotNet\Unity.VisualScripting.YamlDotNet.dll
Symbol file LoadedFromMemory doesn't match image C:\Users\jciur\OneDrive\Escriptori\My project (1)\Library\PackageCache\com.unity.visualscripting@1.8.0\Editor\VisualScripting.Core\Dependencies\DotNetZip\Unity.VisualScripting.IonicZip.dll
- Loaded All Assemblies, in  2.189 seconds
Refreshing native plugins compatible for Editor in 12.04 ms, found 3 plugins.
Native extension for WindowsStandalone target not found
Mono: successfully reloaded assembly
- Finished resetting the current domain, in  1.429 seconds
Domain Reload Profiling: 3611ms
	BeginReloadAssembly (732ms)
		ExecutionOrderSort (0ms)
		DisableScriptedObjects (13ms)
		BackupInstance (0ms)
		ReleaseScriptingObjects (0ms)
		CreateAndSetChildDomain (72ms)
	RebuildCommonClasses (72ms)
	RebuildNativeTypeToScriptingClass (25ms)
	initialDomainReloadingComplete (93ms)
	LoadAllAssembliesAndSetupDomain (1257ms)
		LoadAssemblies (934ms)
		RebuildTransferFunctionScriptingTraits (0ms)
		AnalyzeDomain (558ms)
			TypeCache.Refresh (483ms)
				TypeCache.ScanAssembly (331ms)
			BuildScriptInfoCaches (60ms)
			ResolveRequiredComponents (9ms)
	FinalizeReload (1433ms)
		ReleaseScriptCaches (0ms)
		RebuildScriptCaches (0ms)
		SetupLoadedEditorAssemblies (895ms)
			LogAssemblyErrors (0ms)
			InitializePlatformSupportModulesInManaged (6ms)
			SetLoadedEditorAssemblies (8ms)
			BeforeProcessingInitializeOnLoad (104ms)
			ProcessInitializeOnLoadAttributes (707ms)
			ProcessInitializeOnLoadMethodAttributes (59ms)
			AfterProcessingInitializeOnLoad (11ms)
			EditorAssembliesLoaded (0ms)
		ExecutionOrderSort2 (0ms)
		AwakeInstancesAfterBackupRestoration (15ms)
Launched and connected shader compiler UnityShaderCompiler.exe after 0.03 seconds
Refreshing native plugins compatible for Editor in 1.87 ms, found 3 plugins.
Preloading 0 native plugins for Editor in 0.00 ms.
Unloading 9 Unused Serialized files (Serialized files now loaded: 0)
Unloading 3142 unused Assets / (0.8 MB). Loaded Objects now: 3700.
Memory consumption went from 113.7 MB to 112.9 MB.
Total: 10.933600 ms (FindLiveObjects: 1.031900 ms CreateObjectMapping: 0.339900 ms MarkObjects: 7.767700 ms  DeleteObjects: 1.791700 ms)

========================================================================
Received Import Request.
  Time since last request: 9165.692559 seconds.
  path: Assets
  artifactKey: Guid(00000000000000001000000000000000) Importer(815301076,1909f56bfc062723c751e8b465ee728b)
Start importing Assets using Guid(00000000000000001000000000000000) Importer(815301076,1909f56bfc062723c751e8b465ee728b) (PreviewImporter) -> (artifact id: 'f34163397d7a73dad3366c662ac23692') in 0.0115905 seconds
Number of updated asset objects reloaded before import = 0Number of asset objects unloaded after import = 0

========================================================================
Received Import Request.
  Time since last request: 2080.066566 seconds.
  path: Assets/Prefab/grayHorse.prefab
  artifactKey: Guid(46ce2a6d0003e9241bf6f3ad0dbdda7e) Importer(815301076,1909f56bfc062723c751e8b465ee728b)
Start importing Assets/Prefab/grayHorse.prefab using Guid(46ce2a6d0003e9241bf6f3ad0dbdda7e) Importer(815301076,1909f56bfc062723c751e8b465ee728b) (PreviewImporter) -> (artifact id: '29810de6b53a3c05e50187d8233001b8') in 0.9663706 seconds
Number of updated asset objects reloaded before import = 0Number of asset objects unloaded after import = 86

========================================================================
Received Import Request.
  Time since last request: 1.182851 seconds.
  path: Assets/Prefab/grayHorse.prefab
  artifactKey: Guid(46ce2a6d0003e9241bf6f3ad0dbdda7e) Importer(815301076,1909f56bfc062723c751e8b465ee728b)
Start importing Assets/Prefab/grayHorse.prefab using Guid(46ce2a6d0003e9241bf6f3ad0dbdda7e) Importer(815301076,1909f56bfc062723c751e8b465ee728b) (PreviewImporter) -> (artifact id: 'd638fc9c762db683a11f80d0c47ee920') in 0.0227354 seconds
Number of updated asset objects reloaded before import = 0Number of asset objects unloaded after import = 86

========================================================================
Received Import Request.
  Time since last request: 0.000031 seconds.
  path: Assets/Prefab/horse.prefab
  artifactKey: Guid(9299b0a4d5ef587408dd0e9e7b0d4ee4) Importer(815301076,1909f56bfc062723c751e8b465ee728b)
Start importing Assets/Prefab/horse.prefab using Guid(9299b0a4d5ef587408dd0e9e7b0d4ee4) Importer(815301076,1909f56bfc062723c751e8b465ee728b) (PreviewImporter) -> (artifact id: 'e0216d1864ae3686a66bbc78dd0d6d09') in 0.0220164 seconds
Number of updated asset objects reloaded before import = 0Number of asset objects unloaded after import = 42

========================================================================
Received Import Request.
  Time since last request: 3.374756 seconds.
  path: Assets/Prefab/grayHorse.prefab
  artifactKey: Guid(46ce2a6d0003e9241bf6f3ad0dbdda7e) Importer(815301076,1909f56bfc062723c751e8b465ee728b)
Start importing Assets/Prefab/grayHorse.prefab using Guid(46ce2a6d0003e9241bf6f3ad0dbdda7e) Importer(815301076,1909f56bfc062723c751e8b465ee728b) (PreviewImporter) -> (artifact id: '29414e77e26f7b2881ea77709815d3e3') in 0.020465 seconds
Number of updated asset objects reloaded before import = 0Number of asset objects unloaded after import = 86

========================================================================
Received Import Request.
  Time since last request: 0.000043 seconds.
  path: Assets/Prefab/horse.prefab
  artifactKey: Guid(9299b0a4d5ef587408dd0e9e7b0d4ee4) Importer(815301076,1909f56bfc062723c751e8b465ee728b)
Start importing Assets/Prefab/horse.prefab using Guid(9299b0a4d5ef587408dd0e9e7b0d4ee4) Importer(815301076,1909f56bfc062723c751e8b465ee728b) (PreviewImporter) -> (artifact id: '67491719f7fdbf89977ddbc18c40a022') in 0.0173018 seconds
Number of updated asset objects reloaded before import = 0Number of asset objects unloaded after import = 42

========================================================================
Received Import Request.
  Time since last request: 2.174919 seconds.
  path: Assets/Prefab/grayHorse.prefab
  artifactKey: Guid(46ce2a6d0003e9241bf6f3ad0dbdda7e) Importer(815301076,1909f56bfc062723c751e8b465ee728b)
Start importing Assets/Prefab/grayHorse.prefab using Guid(46ce2a6d0003e9241bf6f3ad0dbdda7e) Importer(815301076,1909f56bfc062723c751e8b465ee728b) (PreviewImporter) -> (artifact id: '33b3001fe063c9437c315a6a97fde260') in 0.0210923 seconds
Number of updated asset objects reloaded before import = 0Number of asset objects unloaded after import = 86

========================================================================
Received Import Request.
  Time since last request: 0.000037 seconds.
  path: Assets/Prefab/horse.prefab
  artifactKey: Guid(9299b0a4d5ef587408dd0e9e7b0d4ee4) Importer(815301076,1909f56bfc062723c751e8b465ee728b)
Start importing Assets/Prefab/horse.prefab using Guid(9299b0a4d5ef587408dd0e9e7b0d4ee4) Importer(815301076,1909f56bfc062723c751e8b465ee728b) (PreviewImporter) -> (artifact id: 'fb6e109d88fb6a2506f4f53615765f31') in 0.0157204 seconds
Number of updated asset objects reloaded before import = 0Number of asset objects unloaded after import = 42

========================================================================
Received Import Request.
  Time since last request: 2.996722 seconds.
  path: Assets/Prefab/grayHorse.prefab
  artifactKey: Guid(46ce2a6d0003e9241bf6f3ad0dbdda7e) Importer(815301076,1909f56bfc062723c751e8b465ee728b)
Start importing Assets/Prefab/grayHorse.prefab using Guid(46ce2a6d0003e9241bf6f3ad0dbdda7e) Importer(815301076,1909f56bfc062723c751e8b465ee728b) (PreviewImporter) -> (artifact id: '247e3800668ce80a91510c94f2dbda34') in 0.0196908 seconds
Number of updated asset objects reloaded before import = 0Number of asset objects unloaded after import = 86

========================================================================
Received Import Request.
  Time since last request: 0.000049 seconds.
  path: Assets/Prefab/horse.prefab
  artifactKey: Guid(9299b0a4d5ef587408dd0e9e7b0d4ee4) Importer(815301076,1909f56bfc062723c751e8b465ee728b)
Start importing Assets/Prefab/horse.prefab using Guid(9299b0a4d5ef587408dd0e9e7b0d4ee4) Importer(815301076,1909f56bfc062723c751e8b465ee728b) (PreviewImporter) -> (artifact id: '65a46f9f5bdd3239a98cff21b487e6a1') in 0.0142231 seconds
Number of updated asset objects reloaded before import = 0Number of asset objects unloaded after import = 42

========================================================================
Received Import Request.
  Time since last request: 1.361977 seconds.
  path: Assets/Prefab/grayHorse.prefab
  artifactKey: Guid(46ce2a6d0003e9241bf6f3ad0dbdda7e) Importer(815301076,1909f56bfc062723c751e8b465ee728b)
Start importing Assets/Prefab/grayHorse.prefab using Guid(46ce2a6d0003e9241bf6f3ad0dbdda7e) Importer(815301076,1909f56bfc062723c751e8b465ee728b) (PreviewImporter) -> (artifact id: '1d8e690fb64ca7749876261797d92149') in 0.0193671 seconds
Number of updated asset objects reloaded before import = 0Number of asset objects unloaded after import = 86

========================================================================
Received Import Request.
  Time since last request: 0.000028 seconds.
  path: Assets/Prefab/horse.prefab
  artifactKey: Guid(9299b0a4d5ef587408dd0e9e7b0d4ee4) Importer(815301076,1909f56bfc062723c751e8b465ee728b)
Start importing Assets/Prefab/horse.prefab using Guid(9299b0a4d5ef587408dd0e9e7b0d4ee4) Importer(815301076,1909f56bfc062723c751e8b465ee728b) (PreviewImporter) -> (artifact id: '99bf7d3928085ec254d924df87f2d9e2') in 0.0144766 seconds
Number of updated asset objects reloaded before import = 0Number of asset objects unloaded after import = 42

========================================================================
Received Import Request.
  Time since last request: 2.186279 seconds.
  path: Assets/Prefab/grayHorse.prefab
  artifactKey: Guid(46ce2a6d0003e9241bf6f3ad0dbdda7e) Importer(815301076,1909f56bfc062723c751e8b465ee728b)
Start importing Assets/Prefab/grayHorse.prefab using Guid(46ce2a6d0003e9241bf6f3ad0dbdda7e) Importer(815301076,1909f56bfc062723c751e8b465ee728b) (PreviewImporter) -> (artifact id: 'db492cc7b6671c6644dc422096485309') in 0.0213089 seconds
Number of updated asset objects reloaded before import = 0Number of asset objects unloaded after import = 86

========================================================================
Received Import Request.
  Time since last request: 0.000041 seconds.
  path: Assets/Prefab/horse.prefab
  artifactKey: Guid(9299b0a4d5ef587408dd0e9e7b0d4ee4) Importer(815301076,1909f56bfc062723c751e8b465ee728b)
Start importing Assets/Prefab/horse.prefab using Guid(9299b0a4d5ef587408dd0e9e7b0d4ee4) Importer(815301076,1909f56bfc062723c751e8b465ee728b) (PreviewImporter) -> (artifact id: '748d7cf48938ba22ff5e22d32fac7c49') in 0.0187094 seconds
Number of updated asset objects reloaded before import = 0Number of asset objects unloaded after import = 42

========================================================================
Received Import Request.
  Time since last request: 2.989276 seconds.
  path: Assets/Prefab/grayHorse.prefab
  artifactKey: Guid(46ce2a6d0003e9241bf6f3ad0dbdda7e) Importer(815301076,1909f56bfc062723c751e8b465ee728b)
Start importing Assets/Prefab/grayHorse.prefab using Guid(46ce2a6d0003e9241bf6f3ad0dbdda7e) Importer(815301076,1909f56bfc062723c751e8b465ee728b) (PreviewImporter) -> (artifact id: 'd43ef6329132cb5a785bb75026597cef') in 0.0230609 seconds
Number of updated asset objects reloaded before import = 0Number of asset objects unloaded after import = 86

========================================================================
Received Import Request.
  Time since last request: 0.000027 seconds.
  path: Assets/Prefab/horse.prefab
  artifactKey: Guid(9299b0a4d5ef587408dd0e9e7b0d4ee4) Importer(815301076,1909f56bfc062723c751e8b465ee728b)
Start importing Assets/Prefab/horse.prefab using Guid(9299b0a4d5ef587408dd0e9e7b0d4ee4) Importer(815301076,1909f56bfc062723c751e8b465ee728b) (PreviewImporter) -> (artifact id: '6820face5a733b69177cbbf893861aa3') in 0.0202549 seconds
Number of updated asset objects reloaded before import = 0Number of asset objects unloaded after import = 42

========================================================================
Received Import Request.
  Time since last request: 1.965270 seconds.
  path: Assets/Prefab/grayHorse.prefab
  artifactKey: Guid(46ce2a6d0003e9241bf6f3ad0dbdda7e) Importer(815301076,1909f56bfc062723c751e8b465ee728b)
Start importing Assets/Prefab/grayHorse.prefab using Guid(46ce2a6d0003e9241bf6f3ad0dbdda7e) Importer(815301076,1909f56bfc062723c751e8b465ee728b) (PreviewImporter) -> (artifact id: 'd3686d407f4bafad2182c5dc02e4770b') in 0.0227488 seconds
Number of updated asset objects reloaded before import = 0Number of asset objects unloaded after import = 86

========================================================================
Received Import Request.
  Time since last request: 0.000032 seconds.
  path: Assets/Prefab/horse.prefab
  artifactKey: Guid(9299b0a4d5ef587408dd0e9e7b0d4ee4) Importer(815301076,1909f56bfc062723c751e8b465ee728b)
Start importing Assets/Prefab/horse.prefab using Guid(9299b0a4d5ef587408dd0e9e7b0d4ee4) Importer(815301076,1909f56bfc062723c751e8b465ee728b) (PreviewImporter) -> (artifact id: 'e54bb62bf00f812c3afdca9647ccfed9') in 0.0158769 seconds
Number of updated asset objects reloaded before import = 0Number of asset objects unloaded after import = 42

========================================================================
Received Import Request.
  Time since last request: 1.766163 seconds.
  path: Assets/Prefab/grayHorse.prefab
  artifactKey: Guid(46ce2a6d0003e9241bf6f3ad0dbdda7e) Importer(815301076,1909f56bfc062723c751e8b465ee728b)
Start importing Assets/Prefab/grayHorse.prefab using Guid(46ce2a6d0003e9241bf6f3ad0dbdda7e) Importer(815301076,1909f56bfc062723c751e8b465ee728b) (PreviewImporter) -> (artifact id: '0fb19e079acfb3214c56a11f1ff962c0') in 0.0144295 seconds
Number of updated asset objects reloaded before import = 0Number of asset objects unloaded after import = 86

========================================================================
Received Import Request.
  Time since last request: 0.000088 seconds.
  path: Assets/Prefab/horse.prefab
  artifactKey: Guid(9299b0a4d5ef587408dd0e9e7b0d4ee4) Importer(815301076,1909f56bfc062723c751e8b465ee728b)
Start importing Assets/Prefab/horse.prefab using Guid(9299b0a4d5ef587408dd0e9e7b0d4ee4) Importer(815301076,1909f56bfc062723c751e8b465ee728b) (PreviewImporter) -> (artifact id: 'd3c13abbfed30de553b1d019ca877693') in 0.0145921 seconds
Number of updated asset objects reloaded before import = 0Number of asset objects unloaded after import = 42

========================================================================
Received Import Request.
  Time since last request: 2.194860 seconds.
  path: Assets/Prefab/grayHorse.prefab
  artifactKey: Guid(46ce2a6d0003e9241bf6f3ad0dbdda7e) Importer(815301076,1909f56bfc062723c751e8b465ee728b)
Start importing Assets/Prefab/grayHorse.prefab using Guid(46ce2a6d0003e9241bf6f3ad0dbdda7e) Importer(815301076,1909f56bfc062723c751e8b465ee728b) (PreviewImporter) -> (artifact id: 'ed930b05e1228730eb3743feb19bd4fb') in 0.0199016 seconds
Number of updated asset objects reloaded before import = 0Number of asset objects unloaded after import = 86

========================================================================
Received Import Request.
  Time since last request: 0.000040 seconds.
  path: Assets/Prefab/horse.prefab
  artifactKey: Guid(9299b0a4d5ef587408dd0e9e7b0d4ee4) Importer(815301076,1909f56bfc062723c751e8b465ee728b)
Start importing Assets/Prefab/horse.prefab using Guid(9299b0a4d5ef587408dd0e9e7b0d4ee4) Importer(815301076,1909f56bfc062723c751e8b465ee728b) (PreviewImporter) -> (artifact id: '359c9552e40c87390d11335c6b8f777f') in 0.0155781 seconds
Number of updated asset objects reloaded before import = 0Number of asset objects unloaded after import = 42

========================================================================
Received Import Request.
  Time since last request: 2.978257 seconds.
  path: Assets/Prefab/grayHorse.prefab
  artifactKey: Guid(46ce2a6d0003e9241bf6f3ad0dbdda7e) Importer(815301076,1909f56bfc062723c751e8b465ee728b)
Start importing Assets/Prefab/grayHorse.prefab using Guid(46ce2a6d0003e9241bf6f3ad0dbdda7e) Importer(815301076,1909f56bfc062723c751e8b465ee728b) (PreviewImporter) -> (artifact id: '0854bdd572a0d5b460ecffe9632bb444') in 0.0176467 seconds
Number of updated asset objects reloaded before import = 0Number of asset objects unloaded after import = 86

========================================================================
Received Import Request.
  Time since last request: 4.009526 seconds.
  path: Assets/Prefab/grayHorse.prefab
  artifactKey: Guid(46ce2a6d0003e9241bf6f3ad0dbdda7e) Importer(815301076,1909f56bfc062723c751e8b465ee728b)
Start importing Assets/Prefab/grayHorse.prefab using Guid(46ce2a6d0003e9241bf6f3ad0dbdda7e) Importer(815301076,1909f56bfc062723c751e8b465ee728b) (PreviewImporter) -> (artifact id: 'c39396fd57e1371db24072439f53c633') in 0.0175491 seconds
Number of updated asset objects reloaded before import = 0Number of asset objects unloaded after import = 86

========================================================================
Received Import Request.
  Time since last request: 0.000037 seconds.
  path: Assets/Prefab/horse.prefab
  artifactKey: Guid(9299b0a4d5ef587408dd0e9e7b0d4ee4) Importer(815301076,1909f56bfc062723c751e8b465ee728b)
Start importing Assets/Prefab/horse.prefab using Guid(9299b0a4d5ef587408dd0e9e7b0d4ee4) Importer(815301076,1909f56bfc062723c751e8b465ee728b) (PreviewImporter) -> (artifact id: '52113aa43fed93f657ea8102e73c56b9') in 0.0173459 seconds
Number of updated asset objects reloaded before import = 0Number of asset objects unloaded after import = 42

========================================================================
Received Import Request.
  Time since last request: 4.454676 seconds.
  path: Assets/Prefab/grayHorse.prefab
  artifactKey: Guid(46ce2a6d0003e9241bf6f3ad0dbdda7e) Importer(815301076,1909f56bfc062723c751e8b465ee728b)
Start importing Assets/Prefab/grayHorse.prefab using Guid(46ce2a6d0003e9241bf6f3ad0dbdda7e) Importer(815301076,1909f56bfc062723c751e8b465ee728b) (PreviewImporter) -> (artifact id: '1b72a56c4b4bce1379f30bb37933e910') in 0.0223146 seconds
Number of updated asset objects reloaded before import = 0Number of asset objects unloaded after import = 86

========================================================================
Received Import Request.
  Time since last request: 0.000033 seconds.
  path: Assets/Prefab/horse.prefab
  artifactKey: Guid(9299b0a4d5ef587408dd0e9e7b0d4ee4) Importer(815301076,1909f56bfc062723c751e8b465ee728b)
Start importing Assets/Prefab/horse.prefab using Guid(9299b0a4d5ef587408dd0e9e7b0d4ee4) Importer(815301076,1909f56bfc062723c751e8b465ee728b) (PreviewImporter) -> (artifact id: 'dc384ddb45db1e0914f9881f4d5bbc43') in 0.017432 seconds
Number of updated asset objects reloaded before import = 0Number of asset objects unloaded after import = 42

========================================================================
Received Import Request.
  Time since last request: 86.436298 seconds.
  path: Assets/Prefab/grayHorse.prefab
  artifactKey: Guid(46ce2a6d0003e9241bf6f3ad0dbdda7e) Importer(815301076,1909f56bfc062723c751e8b465ee728b)
Start importing Assets/Prefab/grayHorse.prefab using Guid(46ce2a6d0003e9241bf6f3ad0dbdda7e) Importer(815301076,1909f56bfc062723c751e8b465ee728b) (PreviewImporter) -> (artifact id: '4e56aaf7735ba88a6f716d04299d1830') in 0.0257304 seconds
Number of updated asset objects reloaded before import = 0Number of asset objects unloaded after import = 96

========================================================================
Received Import Request.
  Time since last request: 0.000037 seconds.
  path: Assets/Prefab/horse.prefab
  artifactKey: Guid(9299b0a4d5ef587408dd0e9e7b0d4ee4) Importer(815301076,1909f56bfc062723c751e8b465ee728b)
Start importing Assets/Prefab/horse.prefab using Guid(9299b0a4d5ef587408dd0e9e7b0d4ee4) Importer(815301076,1909f56bfc062723c751e8b465ee728b) (PreviewImporter) -> (artifact id: '0f94143325754064065c0f081e5a15b5') in 0.0202971 seconds
Number of updated asset objects reloaded before import = 0Number of asset objects unloaded after import = 47

========================================================================
Received Import Request.
  Time since last request: 3.796897 seconds.
  path: Assets/Prefab/grayHorse.prefab
  artifactKey: Guid(46ce2a6d0003e9241bf6f3ad0dbdda7e) Importer(815301076,1909f56bfc062723c751e8b465ee728b)
Start importing Assets/Prefab/grayHorse.prefab using Guid(46ce2a6d0003e9241bf6f3ad0dbdda7e) Importer(815301076,1909f56bfc062723c751e8b465ee728b) (PreviewImporter) -> (artifact id: '043195b96dcfdefbb56cd8d6903946c5') in 0.0217256 seconds
Number of updated asset objects reloaded before import = 0Number of asset objects unloaded after import = 96

========================================================================
Received Import Request.
  Time since last request: 106.297780 seconds.
  path: Assets/Materials/grey.mat
  artifactKey: Guid(02382b9082efdc74f8a7d580e9c718b9) Importer(815301076,1909f56bfc062723c751e8b465ee728b)
Start importing Assets/Materials/grey.mat using Guid(02382b9082efdc74f8a7d580e9c718b9) Importer(815301076,1909f56bfc062723c751e8b465ee728b) (PreviewImporter) -> (artifact id: '423ce63176a550fe36aa5c167bb5d773') in 0.1516403 seconds
Number of updated asset objects reloaded before import = 0Number of asset objects unloaded after import = 1

========================================================================
Received Import Request.
  Time since last request: 7.129200 seconds.
  path: Assets/Prefab/grayHorse.prefab
  artifactKey: Guid(46ce2a6d0003e9241bf6f3ad0dbdda7e) Importer(815301076,1909f56bfc062723c751e8b465ee728b)
Start importing Assets/Prefab/grayHorse.prefab using Guid(46ce2a6d0003e9241bf6f3ad0dbdda7e) Importer(815301076,1909f56bfc062723c751e8b465ee728b) (PreviewImporter) -> (artifact id: 'e77e1b0eb7b4e794cd07ac6b62fe65e5') in 0.0305092 seconds
Number of updated asset objects reloaded before import = 0Number of asset objects unloaded after import = 97

========================================================================
Received Import Request.
  Time since last request: 377.377136 seconds.
  path: Assets/Materials/orange.mat
  artifactKey: Guid(c4f802f48d8c68342840a2656e550f3c) Importer(815301076,1909f56bfc062723c751e8b465ee728b)
Start importing Assets/Materials/orange.mat using Guid(c4f802f48d8c68342840a2656e550f3c) Importer(815301076,1909f56bfc062723c751e8b465ee728b) (PreviewImporter) -> (artifact id: '67ec0f144be0375b73433ec96a60c568') in 0.0467749 seconds
Number of updated asset objects reloaded before import = 0Number of asset objects unloaded after import = 1

